<?xml version="1.0" encoding="UTF-8"?>
<!-- Generated by org.testng.reporters.JUnitReportReporter -->
<testsuite hostname="DESKTOP-0OH831K" failures="0" tests="13" name="MyTestCases" time="0.094" errors="0" timestamp="2024-08-29T12:46:17 EET" skipped="2">
  <testcase classname="MyTestCases" name="AddData" time="0.004"/>
  <system-out/>
  <testcase classname="MyTestCases" name="AddData" time="0.005"/>
  <system-out/>
  <testcase classname="MyTestCases" name="AddData" time="0.006"/>
  <system-out/>
  <testcase classname="MyTestCases" name="AddData" time="0.025"/>
  <system-out/>
  <testcase classname="MyTestCases" name="AddData" time="0.005"/>
  <system-out/>
  <testcase classname="MyTestCases" name="AddData" time="0.005"/>
  <system-out/>
  <testcase classname="MyTestCases" name="AddData" time="0.005"/>
  <system-out/>
  <testcase classname="MyTestCases" name="AddData" time="0.005"/>
  <system-out/>
  <testcase classname="MyTestCases" name="AddData" time="0.005"/>
  <system-out/>
  <testcase classname="MyTestCases" name="AddData" time="0.005"/>
  <system-out/>
  <testcase classname="MyTestCases" name="GetData" time="0.024"/>
  <system-out/>
  <testcase classname="MyTestCases" name="DeleteData">
    <skipped/>
  </testcase> <!-- DeleteData -->
  <system-out/>
  <testcase classname="MyTestCases" name="UpdateData">
    <skipped/>
  </testcase> <!-- UpdateData -->
  <system-out/>
</testsuite> <!-- MyTestCases -->
