<?xml version="1.0" encoding="UTF-8"?>
<!-- Generated by org.testng.reporters.JUnitReportReporter -->
<testsuite hostname="DESKTOP-0OH831K" failures="0" tests="4" name="DataTest" time="0.057" errors="0" timestamp="2024-08-29T12:35:55 EET" skipped="1">
  <testcase classname="DataTest" name="AdddataToThedataBase" time="0.017"/>
  <system-out/>
  <testcase classname="DataTest" name="updateData" time="0.006"/>
  <system-out/>
  <testcase classname="DataTest" name="myFirstTestToGetData" time="0.034"/>
  <system-out/>
  <testcase classname="DataTest" name="DeleteData">
    <skipped/>
  </testcase> <!-- DeleteData -->
  <system-out/>
</testsuite> <!-- DataTest -->
